<?xml version="1.0" encoding="UTF-8"?>
<!-- Generated by org.testng.reporters.JUnitReportReporter -->
<testsuite hostname="LAPTOP-3E32KFVC" failures="0" tests="1" name="runner.TestRunner" time="50.222" errors="0" timestamp="2023-05-11T21:00:30 IST" skipped="0">
  <testcase classname="runner.TestRunner" name="runScenario" time="50.222"/>
  <system-out/>
</testsuite> <!-- runner.TestRunner -->
